<?xml version="1.0" encoding="UTF-8"?>
<!-- Generated by org.testng.reporters.JUnitXMLReporter -->
<testsuite hostname="DESKTOP-EPR1DQN" ignored="0" name="Test" tests="16" failures="3" timestamp="08 sty 2019 12:00:00 GMT" time="486.405" errors="0">
  <testcase name="test_Home_Page_Appear_Correct" time="12.232" classname="projekt.automatyzacja.test.LoginTC"/>
  <testcase name="createContact" time="0.421" classname="projekt.automatyzacja.test.CreateContactTC">
    <failure type="org.openqa.selenium.ElementClickInterceptedException" message="Element &amp;lt;a href=&amp;quot;/zurmo/app/index.php/contacts/default&amp;quot;&amp;gt; is not clickable at point (85,211.8000030517578) because another element &amp;lt;div class=&amp;quot;ui-widget-overlay ui-front&amp;quot;&amp;gt; obscures it
Build info: version: &amp;apos;3.14.0&amp;apos;, revision: &amp;apos;aacccce0&amp;apos;, time: &amp;apos;2018-08-02T20:19:58.91Z&amp;apos;
System info: host: &amp;apos;DESKTOP-EPR1DQN&amp;apos;, ip: &amp;apos;192.168.0.103&amp;apos;, os.name: &amp;apos;Windows 10&amp;apos;, os.arch: &amp;apos;amd64&amp;apos;, os.version: &amp;apos;10.0&amp;apos;, java.version: &amp;apos;1.8.0_121&amp;apos;
Driver info: org.openqa.selenium.firefox.FirefoxDriver
Capabilities {acceptInsecureCerts: true, browserName: firefox, browserVersion: 59.0.2, javascriptEnabled: true, moz:accessibilityChecks: false, moz:headless: false, moz:processID: 25608, moz:profile: C:\Users\Admin\AppData\Loca..., moz:useNonSpecCompliantPointerOrigin: false, moz:webdriverClick: true, pageLoadStrategy: normal, platform: XP, platformName: XP, platformVersion: 10.0, rotatable: false, timeouts: {implicit: 0, pageLoad: 300000, script: 30000}}
Session ID: 075559e6-7184-4893-9e5e-5d440d8f36cd">
      <![CDATA[org.openqa.selenium.ElementClickInterceptedException: Element <a href="/zurmo/app/index.php/contacts/default"> is not clickable at point (85,211.8000030517578) because another element <div class="ui-widget-overlay ui-front"> obscures it
Build info: version: '3.14.0', revision: 'aacccce0', time: '2018-08-02T20:19:58.91Z'
System info: host: 'DESKTOP-EPR1DQN', ip: '192.168.0.103', os.name: 'Windows 10', os.arch: 'amd64', os.version: '10.0', java.version: '1.8.0_121'
Driver info: org.openqa.selenium.firefox.FirefoxDriver
Capabilities {acceptInsecureCerts: true, browserName: firefox, browserVersion: 59.0.2, javascriptEnabled: true, moz:accessibilityChecks: false, moz:headless: false, moz:processID: 25608, moz:profile: C:\Users\Admin\AppData\Loca..., moz:useNonSpecCompliantPointerOrigin: false, moz:webdriverClick: true, pageLoadStrategy: normal, platform: XP, platformName: XP, platformVersion: 10.0, rotatable: false, timeouts: {implicit: 0, pageLoad: 300000, script: 30000}}
Session ID: 075559e6-7184-4893-9e5e-5d440d8f36cd
at org.openqa.selenium.remote.http.W3CHttpResponseCodec.createException(W3CHttpResponseCodec.java:187)
at org.openqa.selenium.remote.http.W3CHttpResponseCodec.decode(W3CHttpResponseCodec.java:122)
at org.openqa.selenium.remote.http.W3CHttpResponseCodec.decode(W3CHttpResponseCodec.java:49)
at org.openqa.selenium.remote.HttpCommandExecutor.execute(HttpCommandExecutor.java:158)
at org.openqa.selenium.remote.service.DriverCommandExecutor.execute(DriverCommandExecutor.java:83)
at org.openqa.selenium.remote.RemoteWebDriver.execute(RemoteWebDriver.java:548)
at org.openqa.selenium.remote.RemoteWebElement.execute(RemoteWebElement.java:276)
at org.openqa.selenium.remote.RemoteWebElement.click(RemoteWebElement.java:83)
at projekt.automatyzacja.page.Menu.contactsButtonClick(Menu.java:58)
at projekt.automatyzacja.test.CreateContactTC.createContact(CreateContactTC.java:91)
... Removed 29 stack frames]]>
    </failure>
  </testcase> <!-- createContact -->
  <testcase name="editContact" time="31.503" classname="projekt.automatyzacja.test.EditContactTC"/>
  <testcase name="createAccount" time="13.484" classname="projekt.automatyzacja.test.CreateAccountTC"/>
  <testcase name="createCatalogItem" time="47.603" classname="projekt.automatyzacja.test.CreateCatalogItemTC"/>
  <testcase name="createLead" time="15.169" classname="projekt.automatyzacja.test.CreateLeadTC"/>
  <testcase name="deleteLead" time="20.0" classname="projekt.automatyzacja.test.DeleteLeadTC"/>
  <testcase name="createOpportunity" time="14.997" classname="projekt.automatyzacja.test.CreateOpportunityTC"/>
  <testcase name="exportOpportunity" time="4.311" classname="projekt.automatyzacja.test.ExportOpportunitiesTC"/>
  <testcase name="verifyCreatedContact" time="31.059" classname="projekt.automatyzacja.test.CreateContactTC">
    <failure type="org.openqa.selenium.TimeoutException" message="Expected condition failed: waiting for presence of element located by: By.cssSelector: #zurmoView &amp;gt; div:nth-child(1) &amp;gt; table:nth-child(1) &amp;gt; tbody:nth-child(2) &amp;gt; tr:nth-child(1) &amp;gt; td:nth-child(2) (tried for 30 second(s) with 500 milliseconds interval)">
      <![CDATA[org.openqa.selenium.TimeoutException: Expected condition failed: waiting for presence of element located by: By.cssSelector: #zurmoView > div:nth-child(1) > table:nth-child(1) > tbody:nth-child(2) > tr:nth-child(1) > td:nth-child(2) (tried for 30 second(s) with 500 milliseconds interval)
at org.openqa.selenium.support.ui.WebDriverWait.timeoutException(WebDriverWait.java:113)
at org.openqa.selenium.support.ui.FluentWait.until(FluentWait.java:283)
at projekt.automatyzacja.test.CreateContactTC.verifyCreatedContact(CreateContactTC.java:140)
Caused by: org.openqa.selenium.NoSuchElementException: Cannot locate an element using By.cssSelector: #zurmoView > div:nth-child(1) > table:nth-child(1) > tbody:nth-child(2) > tr:nth-child(1) > td:nth-child(2)
For documentation on this error, please visit: http://seleniumhq.org/exceptions/no_such_element.html
Build info: version: '3.14.0', revision: 'aacccce0', time: '2018-08-02T20:19:58.91Z'
System info: host: 'DESKTOP-EPR1DQN', ip: '192.168.0.103', os.name: 'Windows 10', os.arch: 'amd64', os.version: '10.0', java.version: '1.8.0_121'
Driver info: driver.version: unknown
at org.openqa.selenium.support.ui.ExpectedConditions.lambda$findElement$0(ExpectedConditions.java:896)
at java.util.Optional.orElseThrow(Optional.java:290)
at org.openqa.selenium.support.ui.ExpectedConditions.findElement(ExpectedConditions.java:895)
at org.openqa.selenium.support.ui.ExpectedConditions.access$000(ExpectedConditions.java:44)
at org.openqa.selenium.support.ui.ExpectedConditions$6.apply(ExpectedConditions.java:183)
at org.openqa.selenium.support.ui.ExpectedConditions$6.apply(ExpectedConditions.java:180)
at org.openqa.selenium.support.ui.FluentWait.until(FluentWait.java:260)
... 26 more
... Removed 25 stack frames]]>
    </failure>
  </testcase> <!-- verifyCreatedContact -->
  <testcase name="verifyEditedContact" time="0.188" classname="projekt.automatyzacja.test.EditContactTC"/>
  <testcase name="verifyCreatedAccount" time="0.139" classname="projekt.automatyzacja.test.CreateAccountTC"/>
  <testcase name="verifyCreatedCatalogItem" time="0.172" classname="projekt.automatyzacja.test.CreateCatalogItemTC"/>
  <testcase name="verifyCreatedLead" time="0.234" classname="projekt.automatyzacja.test.CreateLeadTC"/>
  <testcase name="verifyDeletion" time="0.032" classname="projekt.automatyzacja.test.DeleteLeadTC"/>
  <testcase name="verifyCreatedOpportunity" time="0.062" classname="projekt.automatyzacja.test.CreateOpportunityTC">
    <failure type="java.lang.AssertionError" message="expected [12/3/18] but found [1/8/19]">
      <![CDATA[java.lang.AssertionError: expected [12/3/18] but found [1/8/19]
at projekt.automatyzacja.test.CreateOpportunityTC.verifyCreatedOpportunity(CreateOpportunityTC.java:113)
... Removed 31 stack frames]]>
    </failure>
  </testcase> <!-- verifyCreatedOpportunity -->
</testsuite> <!-- Test -->
