<?xml version="1.0" encoding="UTF-8"?>
<!-- Generated by org.testng.reporters.JUnitXMLReporter -->
<testsuite hostname="DESKTOP-EPR1DQN" ignored="0" name="Test" tests="6" failures="1" timestamp="08 mar 2019 11:43:03 GMT" time="171.435" errors="0">
  <testcase name="createContact" time="16.696" classname="projekt.automatyzacja.test.CreateContactTC5"/>
  <testcase name="createContact" time="18.6" classname="projekt.automatyzacja.test.CreateContactTC5">
    <failure type="org.openqa.selenium.NoSuchElementException" message="Cannot locate element with text: Dr.
For documentation on this error, please visit: http://seleniumhq.org/exceptions/no_such_element.html
Build info: version: &amp;apos;3.14.0&amp;apos;, revision: &amp;apos;aacccce0&amp;apos;, time: &amp;apos;2018-08-02T20:19:58.91Z&amp;apos;
System info: host: &amp;apos;DESKTOP-EPR1DQN&amp;apos;, ip: &amp;apos;192.168.0.102&amp;apos;, os.name: &amp;apos;Windows 10&amp;apos;, os.arch: &amp;apos;amd64&amp;apos;, os.version: &amp;apos;10.0&amp;apos;, java.version: &amp;apos;1.8.0_121&amp;apos;
Driver info: driver.version: unknown">
      <![CDATA[org.openqa.selenium.NoSuchElementException: Cannot locate element with text: Dr.
For documentation on this error, please visit: http://seleniumhq.org/exceptions/no_such_element.html
Build info: version: '3.14.0', revision: 'aacccce0', time: '2018-08-02T20:19:58.91Z'
System info: host: 'DESKTOP-EPR1DQN', ip: '192.168.0.102', os.name: 'Windows 10', os.arch: 'amd64', os.version: '10.0', java.version: '1.8.0_121'
Driver info: driver.version: unknown
at org.openqa.selenium.support.ui.Select.selectByVisibleText(Select.java:151)
at projekt.automatyzacja.page.CreateContactPage.selectStatus(CreateContactPage.java:113)
at projekt.automatyzacja.test.CreateContactTC5.createContact(CreateContactTC5.java:167)
... Removed 25 stack frames]]>
    </failure>
  </testcase> <!-- createContact -->
  <testcase name="createContact" time="19.851" classname="projekt.automatyzacja.test.CreateContactTC5"/>
  <testcase name="verifyCreatedContact" time="0.468" classname="projekt.automatyzacja.test.CreateContactTC5"/>
  <testcase name="verifyCreatedContact" time="0.0" classname="projekt.automatyzacja.test.CreateContactTC5">
    <skipped/>
  </testcase> <!-- verifyCreatedContact -->
  <testcase name="verifyCreatedContact" time="13.014" classname="projekt.automatyzacja.test.CreateContactTC5"/>
</testsuite> <!-- Test -->
