<?xml version="1.0" encoding="UTF-8"?>
<!-- Generated by org.testng.reporters.JUnitXMLReporter -->
<testsuite hostname="DESKTOP-EPR1DQN" ignored="0" name="Default test" tests="2" failures="0" timestamp="26 cze 2019 09:16:06 GMT" time="96.747" errors="0">
  <testcase name="createLead" time="24.979" classname="projekt.automatyzacja.test.CreateLeadTC2"/>
  <testcase name="verifyCreatedLead" time="18.905" classname="projekt.automatyzacja.test.CreateLeadTC2"/>
</testsuite> <!-- Default test -->
