<?xml version="1.0" encoding="UTF-8"?>
<!-- Generated by org.testng.reporters.JUnitXMLReporter -->
<testsuite hostname="DESKTOP-EPR1DQN" ignored="0" name="Default test" tests="2" failures="0" timestamp="16 maj 2019 07:25:31 GMT" time="89.747" errors="0">
  <testcase name="createAccount" time="49.025" classname="projekt.automatyzacja.test.CreateAccountTC3"/>
  <testcase name="verifyCreatedAccount" time="0.464" classname="projekt.automatyzacja.test.CreateAccountTC3"/>
</testsuite> <!-- Default test -->
