<?xml version="1.0" encoding="UTF-8"?>
<testng-results skipped="0" failed="0" ignored="0" total="1" passed="1">
  <reporter-output>
  </reporter-output>
  <suite name="Default suite" duration-ms="53386" started-at="2019-06-26T11:21:41Z" finished-at="2019-06-26T11:22:34Z">
    <groups>
    </groups>
    <test name="Default test" duration-ms="53386" started-at="2019-06-26T11:21:41Z" finished-at="2019-06-26T11:22:34Z">
      <class name="projekt.automatyzacja.test.ExportOpportunitiesTC">
        <test-method status="PASS" signature="setup()[pri:0, instance:projekt.automatyzacja.test.ExportOpportunitiesTC@fd07cbb]" name="setup" is-config="true" duration-ms="43273" started-at="2019-06-26T11:21:41Z" finished-at="2019-06-26T11:22:24Z">
          <reporter-output>
          </reporter-output>
        </test-method> <!-- setup -->
        <test-method status="PASS" signature="exportOpportunity()[pri:0, instance:projekt.automatyzacja.test.ExportOpportunitiesTC@fd07cbb]" name="exportOpportunity" duration-ms="7870" started-at="2019-06-26T11:22:24Z" finished-at="2019-06-26T11:22:32Z">
          <reporter-output>
          </reporter-output>
        </test-method> <!-- exportOpportunity -->
        <test-method status="PASS" signature="afterClass()[pri:0, instance:projekt.automatyzacja.test.ExportOpportunitiesTC@fd07cbb]" name="afterClass" is-config="true" duration-ms="2224" started-at="2019-06-26T11:22:32Z" finished-at="2019-06-26T11:22:34Z">
          <reporter-output>
          </reporter-output>
        </test-method> <!-- afterClass -->
      </class> <!-- projekt.automatyzacja.test.ExportOpportunitiesTC -->
    </test> <!-- Default test -->
  </suite> <!-- Default suite -->
</testng-results>
